Determining if the pthread_create exist failed with the following output:
Change Dir: /home/he/git/coflowSim_online/master/cmake-build-debug/CMakeFiles/CMakeTmp

Run Build Command:"/usr/bin/make" "cmTC_ead24/fast"
make[1]: Entering directory '/home/he/git/coflowSim_online/master/cmake-build-debug/CMakeFiles/CMakeTmp'
/usr/bin/make -f CMakeFiles/cmTC_ead24.dir/build.make CMakeFiles/cmTC_ead24.dir/build
make[2]: Entering directory '/home/he/git/coflowSim_online/master/cmake-build-debug/CMakeFiles/CMakeTmp'
Building C object CMakeFiles/cmTC_ead24.dir/CheckSymbolExists.c.o
/usr/lib/hardening-wrapper/bin/cc    -o CMakeFiles/cmTC_ead24.dir/CheckSymbolExists.c.o   -c /home/he/git/coflowSim_online/master/cmake-build-debug/CMakeFiles/CMakeTmp/CheckSymbolExists.c
Linking C executable cmTC_ead24
/opt/clion/bin/cmake/bin/cmake -E cmake_link_script CMakeFiles/cmTC_ead24.dir/link.txt --verbose=1
/usr/lib/hardening-wrapper/bin/cc      CMakeFiles/cmTC_ead24.dir/CheckSymbolExists.c.o  -o cmTC_ead24 
CMakeFiles/cmTC_ead24.dir/CheckSymbolExists.c.o: In function `main':
CheckSymbolExists.c:(.text+0x1b): undefined reference to `pthread_create'
collect2: error: ld returned 1 exit status
make[2]: *** [CMakeFiles/cmTC_ead24.dir/build.make:98: cmTC_ead24] Error 1
make[2]: Leaving directory '/home/he/git/coflowSim_online/master/cmake-build-debug/CMakeFiles/CMakeTmp'
make[1]: *** [Makefile:126: cmTC_ead24/fast] Error 2
make[1]: Leaving directory '/home/he/git/coflowSim_online/master/cmake-build-debug/CMakeFiles/CMakeTmp'

File /home/he/git/coflowSim_online/master/cmake-build-debug/CMakeFiles/CMakeTmp/CheckSymbolExists.c:
/* */
#include <pthread.h>

int main(int argc, char** argv)
{
  (void)argv;
#ifndef pthread_create
  return ((int*)(&pthread_create))[argc];
#else
  (void)argc;
  return 0;
#endif
}

Determining if the function pthread_create exists in the pthreads failed with the following output:
Change Dir: /home/he/git/coflowSim_online/master/cmake-build-debug/CMakeFiles/CMakeTmp

Run Build Command:"/usr/bin/make" "cmTC_dbece/fast"
make[1]: Entering directory '/home/he/git/coflowSim_online/master/cmake-build-debug/CMakeFiles/CMakeTmp'
/usr/bin/make -f CMakeFiles/cmTC_dbece.dir/build.make CMakeFiles/cmTC_dbece.dir/build
make[2]: Entering directory '/home/he/git/coflowSim_online/master/cmake-build-debug/CMakeFiles/CMakeTmp'
Building C object CMakeFiles/cmTC_dbece.dir/CheckFunctionExists.c.o
/usr/lib/hardening-wrapper/bin/cc   -DCHECK_FUNCTION_EXISTS=pthread_create   -o CMakeFiles/cmTC_dbece.dir/CheckFunctionExists.c.o   -c /opt/clion/bin/cmake/share/cmake-3.9/Modules/CheckFunctionExists.c
Linking C executable cmTC_dbece
/opt/clion/bin/cmake/bin/cmake -E cmake_link_script CMakeFiles/cmTC_dbece.dir/link.txt --verbose=1
/usr/lib/hardening-wrapper/bin/cc  -DCHECK_FUNCTION_EXISTS=pthread_create    CMakeFiles/cmTC_dbece.dir/CheckFunctionExists.c.o  -o cmTC_dbece -lpthreads 
/usr/bin/ld: cannot find -lpthreads
collect2: error: ld returned 1 exit status
make[2]: *** [CMakeFiles/cmTC_dbece.dir/build.make:98: cmTC_dbece] Error 1
make[2]: Leaving directory '/home/he/git/coflowSim_online/master/cmake-build-debug/CMakeFiles/CMakeTmp'
make[1]: *** [Makefile:126: cmTC_dbece/fast] Error 2
make[1]: Leaving directory '/home/he/git/coflowSim_online/master/cmake-build-debug/CMakeFiles/CMakeTmp'


