Determining if the pthread_create exist failed with the following output:
Change Dir: /home/he/git/coflowSim_online/build1/CMakeFiles/CMakeTmp

Run Build Command:"/usr/bin/make" "cmTC_268b2/fast"
/usr/bin/make -f CMakeFiles/cmTC_268b2.dir/build.make CMakeFiles/cmTC_268b2.dir/build
make[1]: Entering directory '/home/he/git/coflowSim_online/build1/CMakeFiles/CMakeTmp'
Building C object CMakeFiles/cmTC_268b2.dir/CheckSymbolExists.c.o
/usr/bin/cc    -o CMakeFiles/cmTC_268b2.dir/CheckSymbolExists.c.o   -c /home/he/git/coflowSim_online/build1/CMakeFiles/CMakeTmp/CheckSymbolExists.c
Linking C executable cmTC_268b2
/usr/bin/cmake -E cmake_link_script CMakeFiles/cmTC_268b2.dir/link.txt --verbose=1
/usr/bin/cc      CMakeFiles/cmTC_268b2.dir/CheckSymbolExists.c.o  -o cmTC_268b2 
CMakeFiles/cmTC_268b2.dir/CheckSymbolExists.c.o: In function `main':
CheckSymbolExists.c:(.text+0x1b): undefined reference to `pthread_create'
collect2: error: ld returned 1 exit status
make[1]: *** [CMakeFiles/cmTC_268b2.dir/build.make:98: cmTC_268b2] Error 1
make[1]: Leaving directory '/home/he/git/coflowSim_online/build1/CMakeFiles/CMakeTmp'
make: *** [Makefile:126: cmTC_268b2/fast] Error 2

File /home/he/git/coflowSim_online/build1/CMakeFiles/CMakeTmp/CheckSymbolExists.c:
/* */
#include <pthread.h>

int main(int argc, char** argv)
{
  (void)argv;
#ifndef pthread_create
  return ((int*)(&pthread_create))[argc];
#else
  (void)argc;
  return 0;
#endif
}

Determining if the function pthread_create exists in the pthreads failed with the following output:
Change Dir: /home/he/git/coflowSim_online/build1/CMakeFiles/CMakeTmp

Run Build Command:"/usr/bin/make" "cmTC_8d79f/fast"
/usr/bin/make -f CMakeFiles/cmTC_8d79f.dir/build.make CMakeFiles/cmTC_8d79f.dir/build
make[1]: Entering directory '/home/he/git/coflowSim_online/build1/CMakeFiles/CMakeTmp'
Building C object CMakeFiles/cmTC_8d79f.dir/CheckFunctionExists.c.o
/usr/bin/cc   -DCHECK_FUNCTION_EXISTS=pthread_create   -o CMakeFiles/cmTC_8d79f.dir/CheckFunctionExists.c.o   -c /usr/share/cmake-3.10/Modules/CheckFunctionExists.c
Linking C executable cmTC_8d79f
/usr/bin/cmake -E cmake_link_script CMakeFiles/cmTC_8d79f.dir/link.txt --verbose=1
/usr/bin/cc  -DCHECK_FUNCTION_EXISTS=pthread_create    CMakeFiles/cmTC_8d79f.dir/CheckFunctionExists.c.o  -o cmTC_8d79f -lpthreads 
/usr/bin/ld: cannot find -lpthreads
collect2: error: ld returned 1 exit status
make[1]: *** [CMakeFiles/cmTC_8d79f.dir/build.make:98: cmTC_8d79f] Error 1
make[1]: Leaving directory '/home/he/git/coflowSim_online/build1/CMakeFiles/CMakeTmp'
make: *** [Makefile:126: cmTC_8d79f/fast] Error 2


