Determining if the pthread_create exist failed with the following output:
Change Dir: /home/he/git/coflowSim_online/client/cmake-build-debug/CMakeFiles/CMakeTmp

Run Build Command:"/usr/bin/make" "cmTC_147bf/fast"
/usr/bin/make -f CMakeFiles/cmTC_147bf.dir/build.make CMakeFiles/cmTC_147bf.dir/build
make[1]: Entering directory '/home/he/git/coflowSim_online/client/cmake-build-debug/CMakeFiles/CMakeTmp'
Building C object CMakeFiles/cmTC_147bf.dir/CheckSymbolExists.c.o
/usr/lib/hardening-wrapper/bin/cc    -o CMakeFiles/cmTC_147bf.dir/CheckSymbolExists.c.o   -c /home/he/git/coflowSim_online/client/cmake-build-debug/CMakeFiles/CMakeTmp/CheckSymbolExists.c
Linking C executable cmTC_147bf
/opt/clion/bin/cmake/bin/cmake -E cmake_link_script CMakeFiles/cmTC_147bf.dir/link.txt --verbose=1
/usr/lib/hardening-wrapper/bin/cc      CMakeFiles/cmTC_147bf.dir/CheckSymbolExists.c.o  -o cmTC_147bf 
CMakeFiles/cmTC_147bf.dir/CheckSymbolExists.c.o: In function `main':
CheckSymbolExists.c:(.text+0x1b): undefined reference to `pthread_create'
collect2: error: ld returned 1 exit status
make[1]: *** [CMakeFiles/cmTC_147bf.dir/build.make:98: cmTC_147bf] Error 1
make[1]: Leaving directory '/home/he/git/coflowSim_online/client/cmake-build-debug/CMakeFiles/CMakeTmp'
make: *** [Makefile:126: cmTC_147bf/fast] Error 2

File /home/he/git/coflowSim_online/client/cmake-build-debug/CMakeFiles/CMakeTmp/CheckSymbolExists.c:
/* */
#include <pthread.h>

int main(int argc, char** argv)
{
  (void)argv;
#ifndef pthread_create
  return ((int*)(&pthread_create))[argc];
#else
  (void)argc;
  return 0;
#endif
}

Determining if the function pthread_create exists in the pthreads failed with the following output:
Change Dir: /home/he/git/coflowSim_online/client/cmake-build-debug/CMakeFiles/CMakeTmp

Run Build Command:"/usr/bin/make" "cmTC_72832/fast"
/usr/bin/make -f CMakeFiles/cmTC_72832.dir/build.make CMakeFiles/cmTC_72832.dir/build
make[1]: Entering directory '/home/he/git/coflowSim_online/client/cmake-build-debug/CMakeFiles/CMakeTmp'
Building C object CMakeFiles/cmTC_72832.dir/CheckFunctionExists.c.o
/usr/lib/hardening-wrapper/bin/cc   -DCHECK_FUNCTION_EXISTS=pthread_create   -o CMakeFiles/cmTC_72832.dir/CheckFunctionExists.c.o   -c /opt/clion/bin/cmake/share/cmake-3.9/Modules/CheckFunctionExists.c
Linking C executable cmTC_72832
/opt/clion/bin/cmake/bin/cmake -E cmake_link_script CMakeFiles/cmTC_72832.dir/link.txt --verbose=1
/usr/lib/hardening-wrapper/bin/cc  -DCHECK_FUNCTION_EXISTS=pthread_create    CMakeFiles/cmTC_72832.dir/CheckFunctionExists.c.o  -o cmTC_72832 -lpthreads 
/usr/bin/ld: cannot find -lpthreads
collect2: error: ld returned 1 exit status
make[1]: *** [CMakeFiles/cmTC_72832.dir/build.make:98: cmTC_72832] Error 1
make[1]: Leaving directory '/home/he/git/coflowSim_online/client/cmake-build-debug/CMakeFiles/CMakeTmp'
make: *** [Makefile:126: cmTC_72832/fast] Error 2


